<?xml version="1.0" encoding="UTF-8"?>
<!-- Generated by org.testng.reporters.JUnitXMLReporter -->
<testsuite ignored="1" hostname="LAPTOP-ER8E34F9" failures="1" tests="1" name="Default test(failed)" time="0.148" errors="0" timestamp="2021-12-28T20:32:38 IST">
  <testcase classname="testingdiscussion.PracticeSoftAssert" name="testCase1" time="0.031">
    <failure type="java.lang.AssertionError" message="The following asserts failed:
	expected [false] but found [true]">
      <![CDATA[java.lang.AssertionError: The following asserts failed:
expected [false] but found [true]
at testingdiscussion.PracticeSoftAssert.testCase1(PracticeSoftAssert.java:21)
at java.base/java.util.ArrayList.forEach(ArrayList.java:1511)
... Removed 29 stack frames]]>
    </failure>
  </testcase> <!-- testCase1 -->
  <testcase classname="testingdiscussion.PracticeSoftAssert" name="testCase2" time="0.0">
    <ignored/>
  </testcase> <!-- testCase2 -->
</testsuite> <!-- Default test(failed) -->
